<?xml version="1.0" encoding="UTF-8"?>
<!-- Generated by org.testng.reporters.JUnitReportReporter -->
<testsuite hostname="DESKTOP-FK0QI5H" failures="0" tests="1" name="Test.RadioandCheckBox" time="18.646" errors="0" timestamp="5 Oct 2021 14:53:20 GMT">
  <testcase classname="Test.RadioandCheckBox" name="f" time="18.646"/>
</testsuite> <!-- Test.RadioandCheckBox -->
