<?xml version="1.0" encoding="UTF-8"?>
<!-- Generated by org.testng.reporters.JUnitReportReporter -->
<testsuite hostname="DESKTOP-FK0QI5H" failures="0" tests="1" name="Test.tourismhomeAssignment" time="12.178" errors="0" timestamp="2 Oct 2021 08:14:16 GMT">
  <testcase classname="Test.tourismhomeAssignment" name="f" time="12.178"/>
</testsuite> <!-- Test.tourismhomeAssignment -->
