<?xml version="1.0" encoding="UTF-8"?>
<!-- Generated by org.testng.reporters.JUnitReportReporter -->
<testsuite hostname="DESKTOP-FK0QI5H" failures="0" tests="1" name="Test.FlipkartURLAssignment" time="26.273" errors="0" timestamp="2 Oct 2021 06:30:51 GMT">
  <testcase classname="Test.FlipkartURLAssignment" name="f" time="26.273"/>
</testsuite> <!-- Test.FlipkartURLAssignment -->
