<?xml version="1.0" encoding="UTF-8"?>
<!-- Generated by org.testng.reporters.JUnitReportReporter -->
<testsuite hostname="DESKTOP-FK0QI5H" failures="0" tests="1" name="Test.RadioandCheckBox2" time="9.712" errors="0" timestamp="5 Oct 2021 15:02:39 GMT">
  <testcase classname="Test.RadioandCheckBox2" name="f" time="9.712"/>
</testsuite> <!-- Test.RadioandCheckBox2 -->
