<?xml version="1.0" encoding="UTF-8"?>
<!-- Generated by org.testng.reporters.JUnitReportReporter -->
<testsuite hostname="DESKTOP-FK0QI5H" failures="0" tests="1" name="Test.TestNGProgram" time="0.012" errors="0" timestamp="23 Sep 2021 07:27:07 GMT">
  <testcase classname="Test.TestNGProgram" name="f" time="0.012"/>
</testsuite> <!-- Test.TestNGProgram -->
