<?xml version="1.0" encoding="UTF-8"?>
<!-- Generated by org.testng.reporters.JUnitReportReporter -->
<testsuite hostname="DESKTOP-FK0QI5H" failures="0" tests="1" name="Test.getallURLProgram" time="14.204" errors="0" timestamp="25 Sep 2021 08:03:41 GMT">
  <testcase classname="Test.getallURLProgram" name="f" time="14.204"/>
</testsuite> <!-- Test.getallURLProgram -->
