<?xml version="1.0" encoding="UTF-8"?>
<!-- Generated by org.testng.reporters.JUnitReportReporter -->
<testsuite hostname="DESKTOP-FK0QI5H" failures="0" tests="1" name="Test.wikipediaAssignment" time="74.876" errors="0" timestamp="1 Oct 2021 18:37:41 GMT">
  <testcase classname="Test.wikipediaAssignment" name="f" time="74.876"/>
</testsuite> <!-- Test.wikipediaAssignment -->
