<?xml version="1.0" encoding="UTF-8"?>
<!-- Generated by org.testng.reporters.JUnitReportReporter -->
<testsuite hostname="DESKTOP-FK0QI5H" failures="0" tests="1" name="Test.TestNGPrograms" time="0.015" errors="0" timestamp="23 Sep 2021 07:26:40 GMT">
  <testcase classname="Test.TestNGPrograms" name="f" time="0.015"/>
</testsuite> <!-- Test.TestNGPrograms -->
